<?xml version="1.0" encoding="UTF-8"?>
<testsuite xmlns:xsi="http://www.w3.org/2001/XMLSchema-instance" xsi:noNamespaceSchemaLocation="https://maven.apache.org/surefire/maven-surefire-plugin/xsd/surefire-test-report.xsd" name="TestRunner" time="7.061" tests="5" errors="2" skipped="3" failures="0">
  <properties>
[...]
</properties>
  <testcase name="Given Im in the home page" classname="| VOLKSWAGEN PASSAT | AA291AA | GASOIL | 8CV | avril 2009 |" time="0.006">
    <error type="java.lang.NullPointerException">java.lang.NullPointerException
</error>
    <system-out><![CDATA[Feature: As a user, I want to confirm that my car is found

  Scenario Outline: Successful confirmation that my car was found                                                        &amp#27;[90m# TrouverMaVoitureSteps.feature:3&amp#27;[0m
    &amp#27;[36mGiven &amp#27;[0m&amp#27;[36mIm in the home page&amp#27;[0m
    &amp#27;[36mWhen &amp#27;[0m&amp#27;[36mi want to estimate my insurance&amp#27;[0m
    &amp#27;[36mAnd &amp#27;[0m&amp#27;[36mi enter my plate number "AA291AA"&amp#27;[0m
    &amp#27;[36mThen &amp#27;[0m&amp#27;[36mthe right "<Car model>" "<Immatriculation>" "<Carburant>" "<Puissance>" "<Mise en circulation>" should be shown&amp#27;[0m

    Examples: 
]]></system-out>
    <system-err><![CDATA[SLF4J: Failed to load class "org.slf4j.impl.StaticLoggerBinder".
SLF4J: Defaulting to no-operation (NOP) logger implementation
SLF4J: See http://www.slf4j.org/codes.html#StaticLoggerBinder for further details.
May 02, 2023 2:39:23 PM java.util.prefs.WindowsPreferences <init>
WARNING: Could not open/create prefs root node Software\JavaSoft\Prefs at root 0x80000002. Windows RegCreateKeyEx(...) returned error code 5.
Starting ChromeDriver 112.0.5615.49 (bd2a7bcb881c11e8cfe3078709382934e3916914-refs/branch-heads/5615@{#936}) on port 5067
Only local connections are allowed.
Please see https://chromedriver.chromium.org/security-considerations for suggestions on keeping ChromeDriver safe.
ChromeDriver was started successfully.
May 02, 2023 2:39:26 PM org.openqa.selenium.remote.ProtocolHandshake createSession
INFO: Detected dialect: W3C
]]></system-err>
  </testcase>
  <testcase name="| VOLKSWAGEN PASSAT | AA291AA | GASOIL | 8CV | avril 2009 |" classname="| VOLKSWAGEN PASSAT | AA291AA | GASOIL | 8CV | avril 2009 |" time="0.007">
    <error type="java.lang.NullPointerException">java.lang.NullPointerException
</error>
  </testcase>
  <testcase name="When i want to estimate my insurance" classname="| VOLKSWAGEN PASSAT | AA291AA | GASOIL | 8CV | avril 2009 |" time="0">
    <skipped/>
  </testcase>
  <testcase name="And i enter my plate number &quot;AA291AA&quot;" classname="| VOLKSWAGEN PASSAT | AA291AA | GASOIL | 8CV | avril 2009 |" time="0">
    <skipped/>
  </testcase>
  <testcase name="Then the right &quot;VOLKSWAGEN PASSAT&quot; &quot;AA291AA&quot; &quot;GASOIL&quot; &quot;8CV&quot; &quot;avril 2009&quot; should be shown" classname="| VOLKSWAGEN PASSAT | AA291AA | GASOIL | 8CV | avril 2009 |" time="0">
    <skipped/>
  </testcase>
</testsuite>